Linked: (/home/mech-user/KHS_ws/devel/.private/kxr_controller/share/gennodejs/ros/kxr_controller/_index.js, /home/mech-user/KHS_ws/devel/share/gennodejs/ros/kxr_controller/_index.js)
Linked: (/home/mech-user/KHS_ws/devel/.private/kxr_controller/share/gennodejs/ros/kxr_controller/msg/ServoStateArray.js, /home/mech-user/KHS_ws/devel/share/gennodejs/ros/kxr_controller/msg/ServoStateArray.js)
Linked: (/home/mech-user/KHS_ws/devel/.private/kxr_controller/share/gennodejs/ros/kxr_controller/msg/StretchResult.js, /home/mech-user/KHS_ws/devel/share/gennodejs/ros/kxr_controller/msg/StretchResult.js)
Linked: (/home/mech-user/KHS_ws/devel/.private/kxr_controller/share/gennodejs/ros/kxr_controller/msg/AdjustAngleVectorResult.js, /home/mech-user/KHS_ws/devel/share/gennodejs/ros/kxr_controller/msg/AdjustAngleVectorResult.js)
Linked: (/home/mech-user/KHS_ws/devel/.private/kxr_controller/share/gennodejs/ros/kxr_controller/msg/PressureControl.js, /home/mech-user/KHS_ws/devel/share/gennodejs/ros/kxr_controller/msg/PressureControl.js)
Linked: (/home/mech-user/KHS_ws/devel/.private/kxr_controller/share/gennodejs/ros/kxr_controller/msg/PressureControlActionFeedback.js, /home/mech-user/KHS_ws/devel/share/gennodejs/ros/kxr_controller/msg/PressureControlActionFeedback.js)
Linked: (/home/mech-user/KHS_ws/devel/.private/kxr_controller/share/gennodejs/ros/kxr_controller/msg/PressureControlResult.js, /home/mech-user/KHS_ws/devel/share/gennodejs/ros/kxr_controller/msg/PressureControlResult.js)
Linked: (/home/mech-user/KHS_ws/devel/.private/kxr_controller/share/gennodejs/ros/kxr_controller/msg/AdjustAngleVectorActionResult.js, /home/mech-user/KHS_ws/devel/share/gennodejs/ros/kxr_controller/msg/AdjustAngleVectorActionResult.js)
Linked: (/home/mech-user/KHS_ws/devel/.private/kxr_controller/share/gennodejs/ros/kxr_controller/msg/ServoOnOffResult.js, /home/mech-user/KHS_ws/devel/share/gennodejs/ros/kxr_controller/msg/ServoOnOffResult.js)
Linked: (/home/mech-user/KHS_ws/devel/.private/kxr_controller/share/gennodejs/ros/kxr_controller/msg/ServoOnOffAction.js, /home/mech-user/KHS_ws/devel/share/gennodejs/ros/kxr_controller/msg/ServoOnOffAction.js)
Linked: (/home/mech-user/KHS_ws/devel/.private/kxr_controller/share/gennodejs/ros/kxr_controller/msg/PressureControlGoal.js, /home/mech-user/KHS_ws/devel/share/gennodejs/ros/kxr_controller/msg/PressureControlGoal.js)
Linked: (/home/mech-user/KHS_ws/devel/.private/kxr_controller/share/gennodejs/ros/kxr_controller/msg/StretchAction.js, /home/mech-user/KHS_ws/devel/share/gennodejs/ros/kxr_controller/msg/StretchAction.js)
Linked: (/home/mech-user/KHS_ws/devel/.private/kxr_controller/share/gennodejs/ros/kxr_controller/msg/ServoOnOffActionGoal.js, /home/mech-user/KHS_ws/devel/share/gennodejs/ros/kxr_controller/msg/ServoOnOffActionGoal.js)
Linked: (/home/mech-user/KHS_ws/devel/.private/kxr_controller/share/gennodejs/ros/kxr_controller/msg/AdjustAngleVectorFeedback.js, /home/mech-user/KHS_ws/devel/share/gennodejs/ros/kxr_controller/msg/AdjustAngleVectorFeedback.js)
Linked: (/home/mech-user/KHS_ws/devel/.private/kxr_controller/share/gennodejs/ros/kxr_controller/msg/ServoOnOffActionFeedback.js, /home/mech-user/KHS_ws/devel/share/gennodejs/ros/kxr_controller/msg/ServoOnOffActionFeedback.js)
Linked: (/home/mech-user/KHS_ws/devel/.private/kxr_controller/share/gennodejs/ros/kxr_controller/msg/PressureControlAction.js, /home/mech-user/KHS_ws/devel/share/gennodejs/ros/kxr_controller/msg/PressureControlAction.js)
Linked: (/home/mech-user/KHS_ws/devel/.private/kxr_controller/share/gennodejs/ros/kxr_controller/msg/ServoOnOffFeedback.js, /home/mech-user/KHS_ws/devel/share/gennodejs/ros/kxr_controller/msg/ServoOnOffFeedback.js)
Linked: (/home/mech-user/KHS_ws/devel/.private/kxr_controller/share/gennodejs/ros/kxr_controller/msg/ServoOnOff.js, /home/mech-user/KHS_ws/devel/share/gennodejs/ros/kxr_controller/msg/ServoOnOff.js)
Linked: (/home/mech-user/KHS_ws/devel/.private/kxr_controller/share/gennodejs/ros/kxr_controller/msg/PressureControlFeedback.js, /home/mech-user/KHS_ws/devel/share/gennodejs/ros/kxr_controller/msg/PressureControlFeedback.js)
Linked: (/home/mech-user/KHS_ws/devel/.private/kxr_controller/share/gennodejs/ros/kxr_controller/msg/StretchFeedback.js, /home/mech-user/KHS_ws/devel/share/gennodejs/ros/kxr_controller/msg/StretchFeedback.js)
Linked: (/home/mech-user/KHS_ws/devel/.private/kxr_controller/share/gennodejs/ros/kxr_controller/msg/StretchActionFeedback.js, /home/mech-user/KHS_ws/devel/share/gennodejs/ros/kxr_controller/msg/StretchActionFeedback.js)
Linked: (/home/mech-user/KHS_ws/devel/.private/kxr_controller/share/gennodejs/ros/kxr_controller/msg/PressureControlActionResult.js, /home/mech-user/KHS_ws/devel/share/gennodejs/ros/kxr_controller/msg/PressureControlActionResult.js)
Linked: (/home/mech-user/KHS_ws/devel/.private/kxr_controller/share/gennodejs/ros/kxr_controller/msg/_index.js, /home/mech-user/KHS_ws/devel/share/gennodejs/ros/kxr_controller/msg/_index.js)
Linked: (/home/mech-user/KHS_ws/devel/.private/kxr_controller/share/gennodejs/ros/kxr_controller/msg/PressureControlActionGoal.js, /home/mech-user/KHS_ws/devel/share/gennodejs/ros/kxr_controller/msg/PressureControlActionGoal.js)
Linked: (/home/mech-user/KHS_ws/devel/.private/kxr_controller/share/gennodejs/ros/kxr_controller/msg/AdjustAngleVectorAction.js, /home/mech-user/KHS_ws/devel/share/gennodejs/ros/kxr_controller/msg/AdjustAngleVectorAction.js)
Linked: (/home/mech-user/KHS_ws/devel/.private/kxr_controller/share/gennodejs/ros/kxr_controller/msg/AdjustAngleVectorActionGoal.js, /home/mech-user/KHS_ws/devel/share/gennodejs/ros/kxr_controller/msg/AdjustAngleVectorActionGoal.js)
Linked: (/home/mech-user/KHS_ws/devel/.private/kxr_controller/share/gennodejs/ros/kxr_controller/msg/ServoOnOffGoal.js, /home/mech-user/KHS_ws/devel/share/gennodejs/ros/kxr_controller/msg/ServoOnOffGoal.js)
Linked: (/home/mech-user/KHS_ws/devel/.private/kxr_controller/share/gennodejs/ros/kxr_controller/msg/Stretch.js, /home/mech-user/KHS_ws/devel/share/gennodejs/ros/kxr_controller/msg/Stretch.js)
Linked: (/home/mech-user/KHS_ws/devel/.private/kxr_controller/share/gennodejs/ros/kxr_controller/msg/ServoState.js, /home/mech-user/KHS_ws/devel/share/gennodejs/ros/kxr_controller/msg/ServoState.js)
Linked: (/home/mech-user/KHS_ws/devel/.private/kxr_controller/share/gennodejs/ros/kxr_controller/msg/AdjustAngleVectorActionFeedback.js, /home/mech-user/KHS_ws/devel/share/gennodejs/ros/kxr_controller/msg/AdjustAngleVectorActionFeedback.js)
Linked: (/home/mech-user/KHS_ws/devel/.private/kxr_controller/share/gennodejs/ros/kxr_controller/msg/StretchActionResult.js, /home/mech-user/KHS_ws/devel/share/gennodejs/ros/kxr_controller/msg/StretchActionResult.js)
Linked: (/home/mech-user/KHS_ws/devel/.private/kxr_controller/share/gennodejs/ros/kxr_controller/msg/StretchGoal.js, /home/mech-user/KHS_ws/devel/share/gennodejs/ros/kxr_controller/msg/StretchGoal.js)
Linked: (/home/mech-user/KHS_ws/devel/.private/kxr_controller/share/gennodejs/ros/kxr_controller/msg/AdjustAngleVectorGoal.js, /home/mech-user/KHS_ws/devel/share/gennodejs/ros/kxr_controller/msg/AdjustAngleVectorGoal.js)
Linked: (/home/mech-user/KHS_ws/devel/.private/kxr_controller/share/gennodejs/ros/kxr_controller/msg/ServoOnOffActionResult.js, /home/mech-user/KHS_ws/devel/share/gennodejs/ros/kxr_controller/msg/ServoOnOffActionResult.js)
Linked: (/home/mech-user/KHS_ws/devel/.private/kxr_controller/share/gennodejs/ros/kxr_controller/msg/StretchActionGoal.js, /home/mech-user/KHS_ws/devel/share/gennodejs/ros/kxr_controller/msg/StretchActionGoal.js)
Linked: (/home/mech-user/KHS_ws/devel/.private/kxr_controller/share/roseus/ros/kxr_controller/manifest.l, /home/mech-user/KHS_ws/devel/share/roseus/ros/kxr_controller/manifest.l)
Linked: (/home/mech-user/KHS_ws/devel/.private/kxr_controller/share/roseus/ros/kxr_controller/msg/PressureControl.l, /home/mech-user/KHS_ws/devel/share/roseus/ros/kxr_controller/msg/PressureControl.l)
Linked: (/home/mech-user/KHS_ws/devel/.private/kxr_controller/share/roseus/ros/kxr_controller/msg/PressureControlResult.l, /home/mech-user/KHS_ws/devel/share/roseus/ros/kxr_controller/msg/PressureControlResult.l)
Linked: (/home/mech-user/KHS_ws/devel/.private/kxr_controller/share/roseus/ros/kxr_controller/msg/PressureControlGoal.l, /home/mech-user/KHS_ws/devel/share/roseus/ros/kxr_controller/msg/PressureControlGoal.l)
Linked: (/home/mech-user/KHS_ws/devel/.private/kxr_controller/share/roseus/ros/kxr_controller/msg/AdjustAngleVectorGoal.l, /home/mech-user/KHS_ws/devel/share/roseus/ros/kxr_controller/msg/AdjustAngleVectorGoal.l)
Linked: (/home/mech-user/KHS_ws/devel/.private/kxr_controller/share/roseus/ros/kxr_controller/msg/ServoOnOffFeedback.l, /home/mech-user/KHS_ws/devel/share/roseus/ros/kxr_controller/msg/ServoOnOffFeedback.l)
Linked: (/home/mech-user/KHS_ws/devel/.private/kxr_controller/share/roseus/ros/kxr_controller/msg/StretchResult.l, /home/mech-user/KHS_ws/devel/share/roseus/ros/kxr_controller/msg/StretchResult.l)
Linked: (/home/mech-user/KHS_ws/devel/.private/kxr_controller/share/roseus/ros/kxr_controller/msg/ServoOnOffActionGoal.l, /home/mech-user/KHS_ws/devel/share/roseus/ros/kxr_controller/msg/ServoOnOffActionGoal.l)
Linked: (/home/mech-user/KHS_ws/devel/.private/kxr_controller/share/roseus/ros/kxr_controller/msg/StretchAction.l, /home/mech-user/KHS_ws/devel/share/roseus/ros/kxr_controller/msg/StretchAction.l)
Linked: (/home/mech-user/KHS_ws/devel/.private/kxr_controller/share/roseus/ros/kxr_controller/msg/PressureControlFeedback.l, /home/mech-user/KHS_ws/devel/share/roseus/ros/kxr_controller/msg/PressureControlFeedback.l)
Linked: (/home/mech-user/KHS_ws/devel/.private/kxr_controller/share/roseus/ros/kxr_controller/msg/AdjustAngleVectorResult.l, /home/mech-user/KHS_ws/devel/share/roseus/ros/kxr_controller/msg/AdjustAngleVectorResult.l)
Linked: (/home/mech-user/KHS_ws/devel/.private/kxr_controller/share/roseus/ros/kxr_controller/msg/ServoStateArray.l, /home/mech-user/KHS_ws/devel/share/roseus/ros/kxr_controller/msg/ServoStateArray.l)
Linked: (/home/mech-user/KHS_ws/devel/.private/kxr_controller/share/roseus/ros/kxr_controller/msg/ServoOnOffGoal.l, /home/mech-user/KHS_ws/devel/share/roseus/ros/kxr_controller/msg/ServoOnOffGoal.l)
Linked: (/home/mech-user/KHS_ws/devel/.private/kxr_controller/share/roseus/ros/kxr_controller/msg/ServoOnOffAction.l, /home/mech-user/KHS_ws/devel/share/roseus/ros/kxr_controller/msg/ServoOnOffAction.l)
Linked: (/home/mech-user/KHS_ws/devel/.private/kxr_controller/share/roseus/ros/kxr_controller/msg/ServoOnOff.l, /home/mech-user/KHS_ws/devel/share/roseus/ros/kxr_controller/msg/ServoOnOff.l)
Linked: (/home/mech-user/KHS_ws/devel/.private/kxr_controller/share/roseus/ros/kxr_controller/msg/PressureControlAction.l, /home/mech-user/KHS_ws/devel/share/roseus/ros/kxr_controller/msg/PressureControlAction.l)
Linked: (/home/mech-user/KHS_ws/devel/.private/kxr_controller/share/roseus/ros/kxr_controller/msg/ServoOnOffActionFeedback.l, /home/mech-user/KHS_ws/devel/share/roseus/ros/kxr_controller/msg/ServoOnOffActionFeedback.l)
Linked: (/home/mech-user/KHS_ws/devel/.private/kxr_controller/share/roseus/ros/kxr_controller/msg/ServoOnOffActionResult.l, /home/mech-user/KHS_ws/devel/share/roseus/ros/kxr_controller/msg/ServoOnOffActionResult.l)
Linked: (/home/mech-user/KHS_ws/devel/.private/kxr_controller/share/roseus/ros/kxr_controller/msg/StretchActionResult.l, /home/mech-user/KHS_ws/devel/share/roseus/ros/kxr_controller/msg/StretchActionResult.l)
Linked: (/home/mech-user/KHS_ws/devel/.private/kxr_controller/share/roseus/ros/kxr_controller/msg/PressureControlActionFeedback.l, /home/mech-user/KHS_ws/devel/share/roseus/ros/kxr_controller/msg/PressureControlActionFeedback.l)
Linked: (/home/mech-user/KHS_ws/devel/.private/kxr_controller/share/roseus/ros/kxr_controller/msg/ServoOnOffResult.l, /home/mech-user/KHS_ws/devel/share/roseus/ros/kxr_controller/msg/ServoOnOffResult.l)
Linked: (/home/mech-user/KHS_ws/devel/.private/kxr_controller/share/roseus/ros/kxr_controller/msg/PressureControlActionGoal.l, /home/mech-user/KHS_ws/devel/share/roseus/ros/kxr_controller/msg/PressureControlActionGoal.l)
Linked: (/home/mech-user/KHS_ws/devel/.private/kxr_controller/share/roseus/ros/kxr_controller/msg/StretchActionGoal.l, /home/mech-user/KHS_ws/devel/share/roseus/ros/kxr_controller/msg/StretchActionGoal.l)
Linked: (/home/mech-user/KHS_ws/devel/.private/kxr_controller/share/roseus/ros/kxr_controller/msg/AdjustAngleVectorActionResult.l, /home/mech-user/KHS_ws/devel/share/roseus/ros/kxr_controller/msg/AdjustAngleVectorActionResult.l)
Linked: (/home/mech-user/KHS_ws/devel/.private/kxr_controller/share/roseus/ros/kxr_controller/msg/StretchFeedback.l, /home/mech-user/KHS_ws/devel/share/roseus/ros/kxr_controller/msg/StretchFeedback.l)
Linked: (/home/mech-user/KHS_ws/devel/.private/kxr_controller/share/roseus/ros/kxr_controller/msg/AdjustAngleVectorFeedback.l, /home/mech-user/KHS_ws/devel/share/roseus/ros/kxr_controller/msg/AdjustAngleVectorFeedback.l)
Linked: (/home/mech-user/KHS_ws/devel/.private/kxr_controller/share/roseus/ros/kxr_controller/msg/ServoState.l, /home/mech-user/KHS_ws/devel/share/roseus/ros/kxr_controller/msg/ServoState.l)
Linked: (/home/mech-user/KHS_ws/devel/.private/kxr_controller/share/roseus/ros/kxr_controller/msg/AdjustAngleVectorAction.l, /home/mech-user/KHS_ws/devel/share/roseus/ros/kxr_controller/msg/AdjustAngleVectorAction.l)
Linked: (/home/mech-user/KHS_ws/devel/.private/kxr_controller/share/roseus/ros/kxr_controller/msg/Stretch.l, /home/mech-user/KHS_ws/devel/share/roseus/ros/kxr_controller/msg/Stretch.l)
Linked: (/home/mech-user/KHS_ws/devel/.private/kxr_controller/share/roseus/ros/kxr_controller/msg/StretchActionFeedback.l, /home/mech-user/KHS_ws/devel/share/roseus/ros/kxr_controller/msg/StretchActionFeedback.l)
Linked: (/home/mech-user/KHS_ws/devel/.private/kxr_controller/share/roseus/ros/kxr_controller/msg/AdjustAngleVectorActionFeedback.l, /home/mech-user/KHS_ws/devel/share/roseus/ros/kxr_controller/msg/AdjustAngleVectorActionFeedback.l)
Linked: (/home/mech-user/KHS_ws/devel/.private/kxr_controller/share/roseus/ros/kxr_controller/msg/StretchGoal.l, /home/mech-user/KHS_ws/devel/share/roseus/ros/kxr_controller/msg/StretchGoal.l)
Linked: (/home/mech-user/KHS_ws/devel/.private/kxr_controller/share/roseus/ros/kxr_controller/msg/AdjustAngleVectorActionGoal.l, /home/mech-user/KHS_ws/devel/share/roseus/ros/kxr_controller/msg/AdjustAngleVectorActionGoal.l)
Linked: (/home/mech-user/KHS_ws/devel/.private/kxr_controller/share/roseus/ros/kxr_controller/msg/PressureControlActionResult.l, /home/mech-user/KHS_ws/devel/share/roseus/ros/kxr_controller/msg/PressureControlActionResult.l)
Linked: (/home/mech-user/KHS_ws/devel/.private/kxr_controller/share/common-lisp/ros/kxr_controller/msg/_package_PressureControl.lisp, /home/mech-user/KHS_ws/devel/share/common-lisp/ros/kxr_controller/msg/_package_PressureControl.lisp)
Linked: (/home/mech-user/KHS_ws/devel/.private/kxr_controller/share/common-lisp/ros/kxr_controller/msg/StretchActionResult.lisp, /home/mech-user/KHS_ws/devel/share/common-lisp/ros/kxr_controller/msg/StretchActionResult.lisp)
Linked: (/home/mech-user/KHS_ws/devel/.private/kxr_controller/share/common-lisp/ros/kxr_controller/msg/_package_PressureControlGoal.lisp, /home/mech-user/KHS_ws/devel/share/common-lisp/ros/kxr_controller/msg/_package_PressureControlGoal.lisp)
Linked: (/home/mech-user/KHS_ws/devel/.private/kxr_controller/share/common-lisp/ros/kxr_controller/msg/_package_AdjustAngleVectorAction.lisp, /home/mech-user/KHS_ws/devel/share/common-lisp/ros/kxr_controller/msg/_package_AdjustAngleVectorAction.lisp)
Linked: (/home/mech-user/KHS_ws/devel/.private/kxr_controller/share/common-lisp/ros/kxr_controller/msg/_package_PressureControlAction.lisp, /home/mech-user/KHS_ws/devel/share/common-lisp/ros/kxr_controller/msg/_package_PressureControlAction.lisp)
Linked: (/home/mech-user/KHS_ws/devel/.private/kxr_controller/share/common-lisp/ros/kxr_controller/msg/_package_ServoOnOffGoal.lisp, /home/mech-user/KHS_ws/devel/share/common-lisp/ros/kxr_controller/msg/_package_ServoOnOffGoal.lisp)
Linked: (/home/mech-user/KHS_ws/devel/.private/kxr_controller/share/common-lisp/ros/kxr_controller/msg/ServoOnOffFeedback.lisp, /home/mech-user/KHS_ws/devel/share/common-lisp/ros/kxr_controller/msg/ServoOnOffFeedback.lisp)
Linked: (/home/mech-user/KHS_ws/devel/.private/kxr_controller/share/common-lisp/ros/kxr_controller/msg/_package_StretchAction.lisp, /home/mech-user/KHS_ws/devel/share/common-lisp/ros/kxr_controller/msg/_package_StretchAction.lisp)
Linked: (/home/mech-user/KHS_ws/devel/.private/kxr_controller/share/common-lisp/ros/kxr_controller/msg/StretchResult.lisp, /home/mech-user/KHS_ws/devel/share/common-lisp/ros/kxr_controller/msg/StretchResult.lisp)
Linked: (/home/mech-user/KHS_ws/devel/.private/kxr_controller/share/common-lisp/ros/kxr_controller/msg/_package_AdjustAngleVectorGoal.lisp, /home/mech-user/KHS_ws/devel/share/common-lisp/ros/kxr_controller/msg/_package_AdjustAngleVectorGoal.lisp)
Linked: (/home/mech-user/KHS_ws/devel/.private/kxr_controller/share/common-lisp/ros/kxr_controller/msg/_package_AdjustAngleVectorActionFeedback.lisp, /home/mech-user/KHS_ws/devel/share/common-lisp/ros/kxr_controller/msg/_package_AdjustAngleVectorActionFeedback.lisp)
Linked: (/home/mech-user/KHS_ws/devel/.private/kxr_controller/share/common-lisp/ros/kxr_controller/msg/_package.lisp, /home/mech-user/KHS_ws/devel/share/common-lisp/ros/kxr_controller/msg/_package.lisp)
Linked: (/home/mech-user/KHS_ws/devel/.private/kxr_controller/share/common-lisp/ros/kxr_controller/msg/PressureControlActionResult.lisp, /home/mech-user/KHS_ws/devel/share/common-lisp/ros/kxr_controller/msg/PressureControlActionResult.lisp)
Linked: (/home/mech-user/KHS_ws/devel/.private/kxr_controller/share/common-lisp/ros/kxr_controller/msg/_package_ServoOnOffActionResult.lisp, /home/mech-user/KHS_ws/devel/share/common-lisp/ros/kxr_controller/msg/_package_ServoOnOffActionResult.lisp)
Linked: (/home/mech-user/KHS_ws/devel/.private/kxr_controller/share/common-lisp/ros/kxr_controller/msg/PressureControlActionGoal.lisp, /home/mech-user/KHS_ws/devel/share/common-lisp/ros/kxr_controller/msg/PressureControlActionGoal.lisp)
Linked: (/home/mech-user/KHS_ws/devel/.private/kxr_controller/share/common-lisp/ros/kxr_controller/msg/ServoOnOffActionGoal.lisp, /home/mech-user/KHS_ws/devel/share/common-lisp/ros/kxr_controller/msg/ServoOnOffActionGoal.lisp)
Linked: (/home/mech-user/KHS_ws/devel/.private/kxr_controller/share/common-lisp/ros/kxr_controller/msg/ServoOnOffAction.lisp, /home/mech-user/KHS_ws/devel/share/common-lisp/ros/kxr_controller/msg/ServoOnOffAction.lisp)
Linked: (/home/mech-user/KHS_ws/devel/.private/kxr_controller/share/common-lisp/ros/kxr_controller/msg/ServoStateArray.lisp, /home/mech-user/KHS_ws/devel/share/common-lisp/ros/kxr_controller/msg/ServoStateArray.lisp)
Linked: (/home/mech-user/KHS_ws/devel/.private/kxr_controller/share/common-lisp/ros/kxr_controller/msg/StretchGoal.lisp, /home/mech-user/KHS_ws/devel/share/common-lisp/ros/kxr_controller/msg/StretchGoal.lisp)
Linked: (/home/mech-user/KHS_ws/devel/.private/kxr_controller/share/common-lisp/ros/kxr_controller/msg/PressureControlResult.lisp, /home/mech-user/KHS_ws/devel/share/common-lisp/ros/kxr_controller/msg/PressureControlResult.lisp)
Linked: (/home/mech-user/KHS_ws/devel/.private/kxr_controller/share/common-lisp/ros/kxr_controller/msg/AdjustAngleVectorAction.lisp, /home/mech-user/KHS_ws/devel/share/common-lisp/ros/kxr_controller/msg/AdjustAngleVectorAction.lisp)
Linked: (/home/mech-user/KHS_ws/devel/.private/kxr_controller/share/common-lisp/ros/kxr_controller/msg/_package_StretchResult.lisp, /home/mech-user/KHS_ws/devel/share/common-lisp/ros/kxr_controller/msg/_package_StretchResult.lisp)
Linked: (/home/mech-user/KHS_ws/devel/.private/kxr_controller/share/common-lisp/ros/kxr_controller/msg/_package_PressureControlActionGoal.lisp, /home/mech-user/KHS_ws/devel/share/common-lisp/ros/kxr_controller/msg/_package_PressureControlActionGoal.lisp)
Linked: (/home/mech-user/KHS_ws/devel/.private/kxr_controller/share/common-lisp/ros/kxr_controller/msg/_package_AdjustAngleVectorFeedback.lisp, /home/mech-user/KHS_ws/devel/share/common-lisp/ros/kxr_controller/msg/_package_AdjustAngleVectorFeedback.lisp)
Linked: (/home/mech-user/KHS_ws/devel/.private/kxr_controller/share/common-lisp/ros/kxr_controller/msg/AdjustAngleVectorActionFeedback.lisp, /home/mech-user/KHS_ws/devel/share/common-lisp/ros/kxr_controller/msg/AdjustAngleVectorActionFeedback.lisp)
Linked: (/home/mech-user/KHS_ws/devel/.private/kxr_controller/share/common-lisp/ros/kxr_controller/msg/PressureControl.lisp, /home/mech-user/KHS_ws/devel/share/common-lisp/ros/kxr_controller/msg/PressureControl.lisp)
Linked: (/home/mech-user/KHS_ws/devel/.private/kxr_controller/share/common-lisp/ros/kxr_controller/msg/_package_ServoStateArray.lisp, /home/mech-user/KHS_ws/devel/share/common-lisp/ros/kxr_controller/msg/_package_ServoStateArray.lisp)
Linked: (/home/mech-user/KHS_ws/devel/.private/kxr_controller/share/common-lisp/ros/kxr_controller/msg/AdjustAngleVectorActionGoal.lisp, /home/mech-user/KHS_ws/devel/share/common-lisp/ros/kxr_controller/msg/AdjustAngleVectorActionGoal.lisp)
Linked: (/home/mech-user/KHS_ws/devel/.private/kxr_controller/share/common-lisp/ros/kxr_controller/msg/_package_PressureControlFeedback.lisp, /home/mech-user/KHS_ws/devel/share/common-lisp/ros/kxr_controller/msg/_package_PressureControlFeedback.lisp)
Linked: (/home/mech-user/KHS_ws/devel/.private/kxr_controller/share/common-lisp/ros/kxr_controller/msg/_package_AdjustAngleVectorResult.lisp, /home/mech-user/KHS_ws/devel/share/common-lisp/ros/kxr_controller/msg/_package_AdjustAngleVectorResult.lisp)
Linked: (/home/mech-user/KHS_ws/devel/.private/kxr_controller/share/common-lisp/ros/kxr_controller/msg/ServoOnOffActionFeedback.lisp, /home/mech-user/KHS_ws/devel/share/common-lisp/ros/kxr_controller/msg/ServoOnOffActionFeedback.lisp)
Linked: (/home/mech-user/KHS_ws/devel/.private/kxr_controller/share/common-lisp/ros/kxr_controller/msg/AdjustAngleVectorFeedback.lisp, /home/mech-user/KHS_ws/devel/share/common-lisp/ros/kxr_controller/msg/AdjustAngleVectorFeedback.lisp)
Linked: (/home/mech-user/KHS_ws/devel/.private/kxr_controller/share/common-lisp/ros/kxr_controller/msg/ServoOnOffResult.lisp, /home/mech-user/KHS_ws/devel/share/common-lisp/ros/kxr_controller/msg/ServoOnOffResult.lisp)
Linked: (/home/mech-user/KHS_ws/devel/.private/kxr_controller/share/common-lisp/ros/kxr_controller/msg/ServoState.lisp, /home/mech-user/KHS_ws/devel/share/common-lisp/ros/kxr_controller/msg/ServoState.lisp)
Linked: (/home/mech-user/KHS_ws/devel/.private/kxr_controller/share/common-lisp/ros/kxr_controller/msg/kxr_controller-msg.asd, /home/mech-user/KHS_ws/devel/share/common-lisp/ros/kxr_controller/msg/kxr_controller-msg.asd)
Linked: (/home/mech-user/KHS_ws/devel/.private/kxr_controller/share/common-lisp/ros/kxr_controller/msg/StretchActionFeedback.lisp, /home/mech-user/KHS_ws/devel/share/common-lisp/ros/kxr_controller/msg/StretchActionFeedback.lisp)
Linked: (/home/mech-user/KHS_ws/devel/.private/kxr_controller/share/common-lisp/ros/kxr_controller/msg/PressureControlFeedback.lisp, /home/mech-user/KHS_ws/devel/share/common-lisp/ros/kxr_controller/msg/PressureControlFeedback.lisp)
Linked: (/home/mech-user/KHS_ws/devel/.private/kxr_controller/share/common-lisp/ros/kxr_controller/msg/_package_Stretch.lisp, /home/mech-user/KHS_ws/devel/share/common-lisp/ros/kxr_controller/msg/_package_Stretch.lisp)
Linked: (/home/mech-user/KHS_ws/devel/.private/kxr_controller/share/common-lisp/ros/kxr_controller/msg/_package_PressureControlActionFeedback.lisp, /home/mech-user/KHS_ws/devel/share/common-lisp/ros/kxr_controller/msg/_package_PressureControlActionFeedback.lisp)
Linked: (/home/mech-user/KHS_ws/devel/.private/kxr_controller/share/common-lisp/ros/kxr_controller/msg/_package_ServoOnOffFeedback.lisp, /home/mech-user/KHS_ws/devel/share/common-lisp/ros/kxr_controller/msg/_package_ServoOnOffFeedback.lisp)
Linked: (/home/mech-user/KHS_ws/devel/.private/kxr_controller/share/common-lisp/ros/kxr_controller/msg/AdjustAngleVectorActionResult.lisp, /home/mech-user/KHS_ws/devel/share/common-lisp/ros/kxr_controller/msg/AdjustAngleVectorActionResult.lisp)
Linked: (/home/mech-user/KHS_ws/devel/.private/kxr_controller/share/common-lisp/ros/kxr_controller/msg/ServoOnOffGoal.lisp, /home/mech-user/KHS_ws/devel/share/common-lisp/ros/kxr_controller/msg/ServoOnOffGoal.lisp)
Linked: (/home/mech-user/KHS_ws/devel/.private/kxr_controller/share/common-lisp/ros/kxr_controller/msg/_package_StretchActionGoal.lisp, /home/mech-user/KHS_ws/devel/share/common-lisp/ros/kxr_controller/msg/_package_StretchActionGoal.lisp)
Linked: (/home/mech-user/KHS_ws/devel/.private/kxr_controller/share/common-lisp/ros/kxr_controller/msg/_package_ServoOnOffResult.lisp, /home/mech-user/KHS_ws/devel/share/common-lisp/ros/kxr_controller/msg/_package_ServoOnOffResult.lisp)
Linked: (/home/mech-user/KHS_ws/devel/.private/kxr_controller/share/common-lisp/ros/kxr_controller/msg/_package_StretchActionFeedback.lisp, /home/mech-user/KHS_ws/devel/share/common-lisp/ros/kxr_controller/msg/_package_StretchActionFeedback.lisp)
Linked: (/home/mech-user/KHS_ws/devel/.private/kxr_controller/share/common-lisp/ros/kxr_controller/msg/AdjustAngleVectorResult.lisp, /home/mech-user/KHS_ws/devel/share/common-lisp/ros/kxr_controller/msg/AdjustAngleVectorResult.lisp)
Linked: (/home/mech-user/KHS_ws/devel/.private/kxr_controller/share/common-lisp/ros/kxr_controller/msg/_package_PressureControlResult.lisp, /home/mech-user/KHS_ws/devel/share/common-lisp/ros/kxr_controller/msg/_package_PressureControlResult.lisp)
Linked: (/home/mech-user/KHS_ws/devel/.private/kxr_controller/share/common-lisp/ros/kxr_controller/msg/_package_AdjustAngleVectorActionResult.lisp, /home/mech-user/KHS_ws/devel/share/common-lisp/ros/kxr_controller/msg/_package_AdjustAngleVectorActionResult.lisp)
Linked: (/home/mech-user/KHS_ws/devel/.private/kxr_controller/share/common-lisp/ros/kxr_controller/msg/PressureControlAction.lisp, /home/mech-user/KHS_ws/devel/share/common-lisp/ros/kxr_controller/msg/PressureControlAction.lisp)
Linked: (/home/mech-user/KHS_ws/devel/.private/kxr_controller/share/common-lisp/ros/kxr_controller/msg/_package_StretchFeedback.lisp, /home/mech-user/KHS_ws/devel/share/common-lisp/ros/kxr_controller/msg/_package_StretchFeedback.lisp)
Linked: (/home/mech-user/KHS_ws/devel/.private/kxr_controller/share/common-lisp/ros/kxr_controller/msg/_package_StretchActionResult.lisp, /home/mech-user/KHS_ws/devel/share/common-lisp/ros/kxr_controller/msg/_package_StretchActionResult.lisp)
Linked: (/home/mech-user/KHS_ws/devel/.private/kxr_controller/share/common-lisp/ros/kxr_controller/msg/_package_ServoOnOffActionFeedback.lisp, /home/mech-user/KHS_ws/devel/share/common-lisp/ros/kxr_controller/msg/_package_ServoOnOffActionFeedback.lisp)
Linked: (/home/mech-user/KHS_ws/devel/.private/kxr_controller/share/common-lisp/ros/kxr_controller/msg/ServoOnOffActionResult.lisp, /home/mech-user/KHS_ws/devel/share/common-lisp/ros/kxr_controller/msg/ServoOnOffActionResult.lisp)
Linked: (/home/mech-user/KHS_ws/devel/.private/kxr_controller/share/common-lisp/ros/kxr_controller/msg/Stretch.lisp, /home/mech-user/KHS_ws/devel/share/common-lisp/ros/kxr_controller/msg/Stretch.lisp)
Linked: (/home/mech-user/KHS_ws/devel/.private/kxr_controller/share/common-lisp/ros/kxr_controller/msg/_package_ServoOnOffActionGoal.lisp, /home/mech-user/KHS_ws/devel/share/common-lisp/ros/kxr_controller/msg/_package_ServoOnOffActionGoal.lisp)
Linked: (/home/mech-user/KHS_ws/devel/.private/kxr_controller/share/common-lisp/ros/kxr_controller/msg/ServoOnOff.lisp, /home/mech-user/KHS_ws/devel/share/common-lisp/ros/kxr_controller/msg/ServoOnOff.lisp)
Linked: (/home/mech-user/KHS_ws/devel/.private/kxr_controller/share/common-lisp/ros/kxr_controller/msg/_package_StretchGoal.lisp, /home/mech-user/KHS_ws/devel/share/common-lisp/ros/kxr_controller/msg/_package_StretchGoal.lisp)
Linked: (/home/mech-user/KHS_ws/devel/.private/kxr_controller/share/common-lisp/ros/kxr_controller/msg/_package_ServoOnOff.lisp, /home/mech-user/KHS_ws/devel/share/common-lisp/ros/kxr_controller/msg/_package_ServoOnOff.lisp)
Linked: (/home/mech-user/KHS_ws/devel/.private/kxr_controller/share/common-lisp/ros/kxr_controller/msg/PressureControlGoal.lisp, /home/mech-user/KHS_ws/devel/share/common-lisp/ros/kxr_controller/msg/PressureControlGoal.lisp)
Linked: (/home/mech-user/KHS_ws/devel/.private/kxr_controller/share/common-lisp/ros/kxr_controller/msg/_package_PressureControlActionResult.lisp, /home/mech-user/KHS_ws/devel/share/common-lisp/ros/kxr_controller/msg/_package_PressureControlActionResult.lisp)
Linked: (/home/mech-user/KHS_ws/devel/.private/kxr_controller/share/common-lisp/ros/kxr_controller/msg/StretchActionGoal.lisp, /home/mech-user/KHS_ws/devel/share/common-lisp/ros/kxr_controller/msg/StretchActionGoal.lisp)
Linked: (/home/mech-user/KHS_ws/devel/.private/kxr_controller/share/common-lisp/ros/kxr_controller/msg/StretchAction.lisp, /home/mech-user/KHS_ws/devel/share/common-lisp/ros/kxr_controller/msg/StretchAction.lisp)
Linked: (/home/mech-user/KHS_ws/devel/.private/kxr_controller/share/common-lisp/ros/kxr_controller/msg/_package_AdjustAngleVectorActionGoal.lisp, /home/mech-user/KHS_ws/devel/share/common-lisp/ros/kxr_controller/msg/_package_AdjustAngleVectorActionGoal.lisp)
Linked: (/home/mech-user/KHS_ws/devel/.private/kxr_controller/share/common-lisp/ros/kxr_controller/msg/_package_ServoOnOffAction.lisp, /home/mech-user/KHS_ws/devel/share/common-lisp/ros/kxr_controller/msg/_package_ServoOnOffAction.lisp)
Linked: (/home/mech-user/KHS_ws/devel/.private/kxr_controller/share/common-lisp/ros/kxr_controller/msg/PressureControlActionFeedback.lisp, /home/mech-user/KHS_ws/devel/share/common-lisp/ros/kxr_controller/msg/PressureControlActionFeedback.lisp)
Linked: (/home/mech-user/KHS_ws/devel/.private/kxr_controller/share/common-lisp/ros/kxr_controller/msg/AdjustAngleVectorGoal.lisp, /home/mech-user/KHS_ws/devel/share/common-lisp/ros/kxr_controller/msg/AdjustAngleVectorGoal.lisp)
Linked: (/home/mech-user/KHS_ws/devel/.private/kxr_controller/share/common-lisp/ros/kxr_controller/msg/StretchFeedback.lisp, /home/mech-user/KHS_ws/devel/share/common-lisp/ros/kxr_controller/msg/StretchFeedback.lisp)
Linked: (/home/mech-user/KHS_ws/devel/.private/kxr_controller/share/common-lisp/ros/kxr_controller/msg/_package_ServoState.lisp, /home/mech-user/KHS_ws/devel/share/common-lisp/ros/kxr_controller/msg/_package_ServoState.lisp)
Linked: (/home/mech-user/KHS_ws/devel/.private/kxr_controller/share/kxr_controller/docs/KXRParameteresConfig.dox, /home/mech-user/KHS_ws/devel/share/kxr_controller/docs/KXRParameteresConfig.dox)
Linked: (/home/mech-user/KHS_ws/devel/.private/kxr_controller/share/kxr_controller/docs/KXRParameteresConfig.wikidoc, /home/mech-user/KHS_ws/devel/share/kxr_controller/docs/KXRParameteresConfig.wikidoc)
Linked: (/home/mech-user/KHS_ws/devel/.private/kxr_controller/share/kxr_controller/docs/KXRParameteresConfig-usage.dox, /home/mech-user/KHS_ws/devel/share/kxr_controller/docs/KXRParameteresConfig-usage.dox)
Linked: (/home/mech-user/KHS_ws/devel/.private/kxr_controller/share/kxr_controller/cmake/kxr_controllerConfig.cmake, /home/mech-user/KHS_ws/devel/share/kxr_controller/cmake/kxr_controllerConfig.cmake)
Linked: (/home/mech-user/KHS_ws/devel/.private/kxr_controller/share/kxr_controller/cmake/kxr_controller-msg-paths.cmake, /home/mech-user/KHS_ws/devel/share/kxr_controller/cmake/kxr_controller-msg-paths.cmake)
Linked: (/home/mech-user/KHS_ws/devel/.private/kxr_controller/share/kxr_controller/cmake/kxr_controllerConfig-version.cmake, /home/mech-user/KHS_ws/devel/share/kxr_controller/cmake/kxr_controllerConfig-version.cmake)
Linked: (/home/mech-user/KHS_ws/devel/.private/kxr_controller/share/kxr_controller/cmake/kxr_controller-msg-extras.cmake, /home/mech-user/KHS_ws/devel/share/kxr_controller/cmake/kxr_controller-msg-extras.cmake)
Linked: (/home/mech-user/KHS_ws/devel/.private/kxr_controller/share/kxr_controller/msg/PressureControlActionGoal.msg, /home/mech-user/KHS_ws/devel/share/kxr_controller/msg/PressureControlActionGoal.msg)
Linked: (/home/mech-user/KHS_ws/devel/.private/kxr_controller/share/kxr_controller/msg/PressureControlActionFeedback.msg, /home/mech-user/KHS_ws/devel/share/kxr_controller/msg/PressureControlActionFeedback.msg)
Linked: (/home/mech-user/KHS_ws/devel/.private/kxr_controller/share/kxr_controller/msg/PressureControlAction.msg, /home/mech-user/KHS_ws/devel/share/kxr_controller/msg/PressureControlAction.msg)
Linked: (/home/mech-user/KHS_ws/devel/.private/kxr_controller/share/kxr_controller/msg/ServoOnOffActionGoal.msg, /home/mech-user/KHS_ws/devel/share/kxr_controller/msg/ServoOnOffActionGoal.msg)
Linked: (/home/mech-user/KHS_ws/devel/.private/kxr_controller/share/kxr_controller/msg/StretchActionGoal.msg, /home/mech-user/KHS_ws/devel/share/kxr_controller/msg/StretchActionGoal.msg)
Linked: (/home/mech-user/KHS_ws/devel/.private/kxr_controller/share/kxr_controller/msg/PressureControlFeedback.msg, /home/mech-user/KHS_ws/devel/share/kxr_controller/msg/PressureControlFeedback.msg)
Linked: (/home/mech-user/KHS_ws/devel/.private/kxr_controller/share/kxr_controller/msg/StretchActionResult.msg, /home/mech-user/KHS_ws/devel/share/kxr_controller/msg/StretchActionResult.msg)
Linked: (/home/mech-user/KHS_ws/devel/.private/kxr_controller/share/kxr_controller/msg/StretchFeedback.msg, /home/mech-user/KHS_ws/devel/share/kxr_controller/msg/StretchFeedback.msg)
Linked: (/home/mech-user/KHS_ws/devel/.private/kxr_controller/share/kxr_controller/msg/AdjustAngleVectorFeedback.msg, /home/mech-user/KHS_ws/devel/share/kxr_controller/msg/AdjustAngleVectorFeedback.msg)
Linked: (/home/mech-user/KHS_ws/devel/.private/kxr_controller/share/kxr_controller/msg/ServoOnOffGoal.msg, /home/mech-user/KHS_ws/devel/share/kxr_controller/msg/ServoOnOffGoal.msg)
Linked: (/home/mech-user/KHS_ws/devel/.private/kxr_controller/share/kxr_controller/msg/AdjustAngleVectorGoal.msg, /home/mech-user/KHS_ws/devel/share/kxr_controller/msg/AdjustAngleVectorGoal.msg)
Linked: (/home/mech-user/KHS_ws/devel/.private/kxr_controller/share/kxr_controller/msg/StretchGoal.msg, /home/mech-user/KHS_ws/devel/share/kxr_controller/msg/StretchGoal.msg)
Linked: (/home/mech-user/KHS_ws/devel/.private/kxr_controller/share/kxr_controller/msg/ServoOnOffAction.msg, /home/mech-user/KHS_ws/devel/share/kxr_controller/msg/ServoOnOffAction.msg)
Linked: (/home/mech-user/KHS_ws/devel/.private/kxr_controller/share/kxr_controller/msg/AdjustAngleVectorAction.msg, /home/mech-user/KHS_ws/devel/share/kxr_controller/msg/AdjustAngleVectorAction.msg)
Linked: (/home/mech-user/KHS_ws/devel/.private/kxr_controller/share/kxr_controller/msg/ServoOnOffActionFeedback.msg, /home/mech-user/KHS_ws/devel/share/kxr_controller/msg/ServoOnOffActionFeedback.msg)
Linked: (/home/mech-user/KHS_ws/devel/.private/kxr_controller/share/kxr_controller/msg/ServoOnOffResult.msg, /home/mech-user/KHS_ws/devel/share/kxr_controller/msg/ServoOnOffResult.msg)
Linked: (/home/mech-user/KHS_ws/devel/.private/kxr_controller/share/kxr_controller/msg/AdjustAngleVectorActionGoal.msg, /home/mech-user/KHS_ws/devel/share/kxr_controller/msg/AdjustAngleVectorActionGoal.msg)
Linked: (/home/mech-user/KHS_ws/devel/.private/kxr_controller/share/kxr_controller/msg/AdjustAngleVectorResult.msg, /home/mech-user/KHS_ws/devel/share/kxr_controller/msg/AdjustAngleVectorResult.msg)
Linked: (/home/mech-user/KHS_ws/devel/.private/kxr_controller/share/kxr_controller/msg/AdjustAngleVectorActionResult.msg, /home/mech-user/KHS_ws/devel/share/kxr_controller/msg/AdjustAngleVectorActionResult.msg)
Linked: (/home/mech-user/KHS_ws/devel/.private/kxr_controller/share/kxr_controller/msg/ServoOnOffFeedback.msg, /home/mech-user/KHS_ws/devel/share/kxr_controller/msg/ServoOnOffFeedback.msg)
Linked: (/home/mech-user/KHS_ws/devel/.private/kxr_controller/share/kxr_controller/msg/PressureControlResult.msg, /home/mech-user/KHS_ws/devel/share/kxr_controller/msg/PressureControlResult.msg)
Linked: (/home/mech-user/KHS_ws/devel/.private/kxr_controller/share/kxr_controller/msg/PressureControlActionResult.msg, /home/mech-user/KHS_ws/devel/share/kxr_controller/msg/PressureControlActionResult.msg)
Linked: (/home/mech-user/KHS_ws/devel/.private/kxr_controller/share/kxr_controller/msg/ServoOnOffActionResult.msg, /home/mech-user/KHS_ws/devel/share/kxr_controller/msg/ServoOnOffActionResult.msg)
Linked: (/home/mech-user/KHS_ws/devel/.private/kxr_controller/share/kxr_controller/msg/AdjustAngleVectorActionFeedback.msg, /home/mech-user/KHS_ws/devel/share/kxr_controller/msg/AdjustAngleVectorActionFeedback.msg)
Linked: (/home/mech-user/KHS_ws/devel/.private/kxr_controller/share/kxr_controller/msg/StretchResult.msg, /home/mech-user/KHS_ws/devel/share/kxr_controller/msg/StretchResult.msg)
Linked: (/home/mech-user/KHS_ws/devel/.private/kxr_controller/share/kxr_controller/msg/StretchAction.msg, /home/mech-user/KHS_ws/devel/share/kxr_controller/msg/StretchAction.msg)
Linked: (/home/mech-user/KHS_ws/devel/.private/kxr_controller/share/kxr_controller/msg/StretchActionFeedback.msg, /home/mech-user/KHS_ws/devel/share/kxr_controller/msg/StretchActionFeedback.msg)
Linked: (/home/mech-user/KHS_ws/devel/.private/kxr_controller/share/kxr_controller/msg/PressureControlGoal.msg, /home/mech-user/KHS_ws/devel/share/kxr_controller/msg/PressureControlGoal.msg)
Linked: (/home/mech-user/KHS_ws/devel/.private/kxr_controller/lib/kxr_controller/kxr_controller.test, /home/mech-user/KHS_ws/devel/lib/kxr_controller/kxr_controller.test)
Linked: (/home/mech-user/KHS_ws/devel/.private/kxr_controller/lib/kxr_controller/interface.py, /home/mech-user/KHS_ws/devel/lib/kxr_controller/interface.py)
Linked: (/home/mech-user/KHS_ws/devel/.private/kxr_controller/lib/kxr_controller/test_kxr_controller.py, /home/mech-user/KHS_ws/devel/lib/kxr_controller/test_kxr_controller.py)
Linked: (/home/mech-user/KHS_ws/devel/.private/kxr_controller/lib/kxr_controller/rcb4_ros_bridge.py, /home/mech-user/KHS_ws/devel/lib/kxr_controller/rcb4_ros_bridge.py)
Linked: (/home/mech-user/KHS_ws/devel/.private/kxr_controller/lib/kxr_controller/kxr_controller, /home/mech-user/KHS_ws/devel/lib/kxr_controller/kxr_controller)
Linked: (/home/mech-user/KHS_ws/devel/.private/kxr_controller/lib/kxr_controller/cmake.lock, /home/mech-user/KHS_ws/devel/lib/kxr_controller/cmake.lock)
Linked: (/home/mech-user/KHS_ws/devel/.private/kxr_controller/lib/pkgconfig/kxr_controller.pc, /home/mech-user/KHS_ws/devel/lib/pkgconfig/kxr_controller.pc)
Linked: (/home/mech-user/KHS_ws/devel/.private/kxr_controller/lib/python3/dist-packages/kxr_controller/__init__.py, /home/mech-user/KHS_ws/devel/lib/python3/dist-packages/kxr_controller/__init__.py)
Linked: (/home/mech-user/KHS_ws/devel/.private/kxr_controller/lib/python3/dist-packages/kxr_controller/cfg/KXRParameteresConfig.py, /home/mech-user/KHS_ws/devel/lib/python3/dist-packages/kxr_controller/cfg/KXRParameteresConfig.py)
Linked: (/home/mech-user/KHS_ws/devel/.private/kxr_controller/lib/python3/dist-packages/kxr_controller/cfg/__init__.py, /home/mech-user/KHS_ws/devel/lib/python3/dist-packages/kxr_controller/cfg/__init__.py)
Linked: (/home/mech-user/KHS_ws/devel/.private/kxr_controller/lib/python3/dist-packages/kxr_controller/msg/_PressureControlActionResult.py, /home/mech-user/KHS_ws/devel/lib/python3/dist-packages/kxr_controller/msg/_PressureControlActionResult.py)
Linked: (/home/mech-user/KHS_ws/devel/.private/kxr_controller/lib/python3/dist-packages/kxr_controller/msg/_PressureControlResult.py, /home/mech-user/KHS_ws/devel/lib/python3/dist-packages/kxr_controller/msg/_PressureControlResult.py)
Linked: (/home/mech-user/KHS_ws/devel/.private/kxr_controller/lib/python3/dist-packages/kxr_controller/msg/_StretchActionGoal.py, /home/mech-user/KHS_ws/devel/lib/python3/dist-packages/kxr_controller/msg/_StretchActionGoal.py)
Linked: (/home/mech-user/KHS_ws/devel/.private/kxr_controller/lib/python3/dist-packages/kxr_controller/msg/_AdjustAngleVectorActionResult.py, /home/mech-user/KHS_ws/devel/lib/python3/dist-packages/kxr_controller/msg/_AdjustAngleVectorActionResult.py)
Linked: (/home/mech-user/KHS_ws/devel/.private/kxr_controller/lib/python3/dist-packages/kxr_controller/msg/_ServoOnOffActionFeedback.py, /home/mech-user/KHS_ws/devel/lib/python3/dist-packages/kxr_controller/msg/_ServoOnOffActionFeedback.py)
Linked: (/home/mech-user/KHS_ws/devel/.private/kxr_controller/lib/python3/dist-packages/kxr_controller/msg/_ServoStateArray.py, /home/mech-user/KHS_ws/devel/lib/python3/dist-packages/kxr_controller/msg/_ServoStateArray.py)
Linked: (/home/mech-user/KHS_ws/devel/.private/kxr_controller/lib/python3/dist-packages/kxr_controller/msg/_AdjustAngleVectorActionGoal.py, /home/mech-user/KHS_ws/devel/lib/python3/dist-packages/kxr_controller/msg/_AdjustAngleVectorActionGoal.py)
Linked: (/home/mech-user/KHS_ws/devel/.private/kxr_controller/lib/python3/dist-packages/kxr_controller/msg/_ServoOnOffActionResult.py, /home/mech-user/KHS_ws/devel/lib/python3/dist-packages/kxr_controller/msg/_ServoOnOffActionResult.py)
Linked: (/home/mech-user/KHS_ws/devel/.private/kxr_controller/lib/python3/dist-packages/kxr_controller/msg/_ServoOnOffActionGoal.py, /home/mech-user/KHS_ws/devel/lib/python3/dist-packages/kxr_controller/msg/_ServoOnOffActionGoal.py)
Linked: (/home/mech-user/KHS_ws/devel/.private/kxr_controller/lib/python3/dist-packages/kxr_controller/msg/_PressureControlActionGoal.py, /home/mech-user/KHS_ws/devel/lib/python3/dist-packages/kxr_controller/msg/_PressureControlActionGoal.py)
Linked: (/home/mech-user/KHS_ws/devel/.private/kxr_controller/lib/python3/dist-packages/kxr_controller/msg/_ServoOnOffFeedback.py, /home/mech-user/KHS_ws/devel/lib/python3/dist-packages/kxr_controller/msg/_ServoOnOffFeedback.py)
Linked: (/home/mech-user/KHS_ws/devel/.private/kxr_controller/lib/python3/dist-packages/kxr_controller/msg/_StretchActionResult.py, /home/mech-user/KHS_ws/devel/lib/python3/dist-packages/kxr_controller/msg/_StretchActionResult.py)
Linked: (/home/mech-user/KHS_ws/devel/.private/kxr_controller/lib/python3/dist-packages/kxr_controller/msg/_PressureControlGoal.py, /home/mech-user/KHS_ws/devel/lib/python3/dist-packages/kxr_controller/msg/_PressureControlGoal.py)
Linked: (/home/mech-user/KHS_ws/devel/.private/kxr_controller/lib/python3/dist-packages/kxr_controller/msg/_ServoOnOff.py, /home/mech-user/KHS_ws/devel/lib/python3/dist-packages/kxr_controller/msg/_ServoOnOff.py)
Linked: (/home/mech-user/KHS_ws/devel/.private/kxr_controller/lib/python3/dist-packages/kxr_controller/msg/_PressureControlAction.py, /home/mech-user/KHS_ws/devel/lib/python3/dist-packages/kxr_controller/msg/_PressureControlAction.py)
Linked: (/home/mech-user/KHS_ws/devel/.private/kxr_controller/lib/python3/dist-packages/kxr_controller/msg/_AdjustAngleVectorActionFeedback.py, /home/mech-user/KHS_ws/devel/lib/python3/dist-packages/kxr_controller/msg/_AdjustAngleVectorActionFeedback.py)
Linked: (/home/mech-user/KHS_ws/devel/.private/kxr_controller/lib/python3/dist-packages/kxr_controller/msg/_StretchActionFeedback.py, /home/mech-user/KHS_ws/devel/lib/python3/dist-packages/kxr_controller/msg/_StretchActionFeedback.py)
Linked: (/home/mech-user/KHS_ws/devel/.private/kxr_controller/lib/python3/dist-packages/kxr_controller/msg/_AdjustAngleVectorGoal.py, /home/mech-user/KHS_ws/devel/lib/python3/dist-packages/kxr_controller/msg/_AdjustAngleVectorGoal.py)
Linked: (/home/mech-user/KHS_ws/devel/.private/kxr_controller/lib/python3/dist-packages/kxr_controller/msg/_AdjustAngleVectorResult.py, /home/mech-user/KHS_ws/devel/lib/python3/dist-packages/kxr_controller/msg/_AdjustAngleVectorResult.py)
Linked: (/home/mech-user/KHS_ws/devel/.private/kxr_controller/lib/python3/dist-packages/kxr_controller/msg/_AdjustAngleVectorAction.py, /home/mech-user/KHS_ws/devel/lib/python3/dist-packages/kxr_controller/msg/_AdjustAngleVectorAction.py)
Linked: (/home/mech-user/KHS_ws/devel/.private/kxr_controller/lib/python3/dist-packages/kxr_controller/msg/__init__.py, /home/mech-user/KHS_ws/devel/lib/python3/dist-packages/kxr_controller/msg/__init__.py)
Linked: (/home/mech-user/KHS_ws/devel/.private/kxr_controller/lib/python3/dist-packages/kxr_controller/msg/_PressureControl.py, /home/mech-user/KHS_ws/devel/lib/python3/dist-packages/kxr_controller/msg/_PressureControl.py)
Linked: (/home/mech-user/KHS_ws/devel/.private/kxr_controller/lib/python3/dist-packages/kxr_controller/msg/_PressureControlFeedback.py, /home/mech-user/KHS_ws/devel/lib/python3/dist-packages/kxr_controller/msg/_PressureControlFeedback.py)
Linked: (/home/mech-user/KHS_ws/devel/.private/kxr_controller/lib/python3/dist-packages/kxr_controller/msg/_PressureControlActionFeedback.py, /home/mech-user/KHS_ws/devel/lib/python3/dist-packages/kxr_controller/msg/_PressureControlActionFeedback.py)
Linked: (/home/mech-user/KHS_ws/devel/.private/kxr_controller/lib/python3/dist-packages/kxr_controller/msg/_StretchFeedback.py, /home/mech-user/KHS_ws/devel/lib/python3/dist-packages/kxr_controller/msg/_StretchFeedback.py)
Linked: (/home/mech-user/KHS_ws/devel/.private/kxr_controller/lib/python3/dist-packages/kxr_controller/msg/_ServoState.py, /home/mech-user/KHS_ws/devel/lib/python3/dist-packages/kxr_controller/msg/_ServoState.py)
Linked: (/home/mech-user/KHS_ws/devel/.private/kxr_controller/lib/python3/dist-packages/kxr_controller/msg/_StretchAction.py, /home/mech-user/KHS_ws/devel/lib/python3/dist-packages/kxr_controller/msg/_StretchAction.py)
Linked: (/home/mech-user/KHS_ws/devel/.private/kxr_controller/lib/python3/dist-packages/kxr_controller/msg/_StretchResult.py, /home/mech-user/KHS_ws/devel/lib/python3/dist-packages/kxr_controller/msg/_StretchResult.py)
Linked: (/home/mech-user/KHS_ws/devel/.private/kxr_controller/lib/python3/dist-packages/kxr_controller/msg/_ServoOnOffAction.py, /home/mech-user/KHS_ws/devel/lib/python3/dist-packages/kxr_controller/msg/_ServoOnOffAction.py)
Linked: (/home/mech-user/KHS_ws/devel/.private/kxr_controller/lib/python3/dist-packages/kxr_controller/msg/_ServoOnOffResult.py, /home/mech-user/KHS_ws/devel/lib/python3/dist-packages/kxr_controller/msg/_ServoOnOffResult.py)
Linked: (/home/mech-user/KHS_ws/devel/.private/kxr_controller/lib/python3/dist-packages/kxr_controller/msg/_AdjustAngleVectorFeedback.py, /home/mech-user/KHS_ws/devel/lib/python3/dist-packages/kxr_controller/msg/_AdjustAngleVectorFeedback.py)
Linked: (/home/mech-user/KHS_ws/devel/.private/kxr_controller/lib/python3/dist-packages/kxr_controller/msg/_Stretch.py, /home/mech-user/KHS_ws/devel/lib/python3/dist-packages/kxr_controller/msg/_Stretch.py)
Linked: (/home/mech-user/KHS_ws/devel/.private/kxr_controller/lib/python3/dist-packages/kxr_controller/msg/_StretchGoal.py, /home/mech-user/KHS_ws/devel/lib/python3/dist-packages/kxr_controller/msg/_StretchGoal.py)
Linked: (/home/mech-user/KHS_ws/devel/.private/kxr_controller/lib/python3/dist-packages/kxr_controller/msg/_ServoOnOffGoal.py, /home/mech-user/KHS_ws/devel/lib/python3/dist-packages/kxr_controller/msg/_ServoOnOffGoal.py)
Linked: (/home/mech-user/KHS_ws/devel/.private/kxr_controller/include/kxr_controller/ServoOnOffActionGoal.h, /home/mech-user/KHS_ws/devel/include/kxr_controller/ServoOnOffActionGoal.h)
Linked: (/home/mech-user/KHS_ws/devel/.private/kxr_controller/include/kxr_controller/KXRParameteresConfig.h, /home/mech-user/KHS_ws/devel/include/kxr_controller/KXRParameteresConfig.h)
Linked: (/home/mech-user/KHS_ws/devel/.private/kxr_controller/include/kxr_controller/PressureControlActionGoal.h, /home/mech-user/KHS_ws/devel/include/kxr_controller/PressureControlActionGoal.h)
Linked: (/home/mech-user/KHS_ws/devel/.private/kxr_controller/include/kxr_controller/AdjustAngleVectorResult.h, /home/mech-user/KHS_ws/devel/include/kxr_controller/AdjustAngleVectorResult.h)
Linked: (/home/mech-user/KHS_ws/devel/.private/kxr_controller/include/kxr_controller/StretchResult.h, /home/mech-user/KHS_ws/devel/include/kxr_controller/StretchResult.h)
Linked: (/home/mech-user/KHS_ws/devel/.private/kxr_controller/include/kxr_controller/PressureControlAction.h, /home/mech-user/KHS_ws/devel/include/kxr_controller/PressureControlAction.h)
Linked: (/home/mech-user/KHS_ws/devel/.private/kxr_controller/include/kxr_controller/AdjustAngleVectorGoal.h, /home/mech-user/KHS_ws/devel/include/kxr_controller/AdjustAngleVectorGoal.h)
Linked: (/home/mech-user/KHS_ws/devel/.private/kxr_controller/include/kxr_controller/PressureControlResult.h, /home/mech-user/KHS_ws/devel/include/kxr_controller/PressureControlResult.h)
Linked: (/home/mech-user/KHS_ws/devel/.private/kxr_controller/include/kxr_controller/ServoOnOffFeedback.h, /home/mech-user/KHS_ws/devel/include/kxr_controller/ServoOnOffFeedback.h)
Linked: (/home/mech-user/KHS_ws/devel/.private/kxr_controller/include/kxr_controller/Stretch.h, /home/mech-user/KHS_ws/devel/include/kxr_controller/Stretch.h)
Linked: (/home/mech-user/KHS_ws/devel/.private/kxr_controller/include/kxr_controller/PressureControl.h, /home/mech-user/KHS_ws/devel/include/kxr_controller/PressureControl.h)
Linked: (/home/mech-user/KHS_ws/devel/.private/kxr_controller/include/kxr_controller/StretchAction.h, /home/mech-user/KHS_ws/devel/include/kxr_controller/StretchAction.h)
Linked: (/home/mech-user/KHS_ws/devel/.private/kxr_controller/include/kxr_controller/StretchActionFeedback.h, /home/mech-user/KHS_ws/devel/include/kxr_controller/StretchActionFeedback.h)
Linked: (/home/mech-user/KHS_ws/devel/.private/kxr_controller/include/kxr_controller/StretchFeedback.h, /home/mech-user/KHS_ws/devel/include/kxr_controller/StretchFeedback.h)
Linked: (/home/mech-user/KHS_ws/devel/.private/kxr_controller/include/kxr_controller/StretchActionResult.h, /home/mech-user/KHS_ws/devel/include/kxr_controller/StretchActionResult.h)
Linked: (/home/mech-user/KHS_ws/devel/.private/kxr_controller/include/kxr_controller/AdjustAngleVectorActionGoal.h, /home/mech-user/KHS_ws/devel/include/kxr_controller/AdjustAngleVectorActionGoal.h)
Linked: (/home/mech-user/KHS_ws/devel/.private/kxr_controller/include/kxr_controller/AdjustAngleVectorActionResult.h, /home/mech-user/KHS_ws/devel/include/kxr_controller/AdjustAngleVectorActionResult.h)
Linked: (/home/mech-user/KHS_ws/devel/.private/kxr_controller/include/kxr_controller/AdjustAngleVectorFeedback.h, /home/mech-user/KHS_ws/devel/include/kxr_controller/AdjustAngleVectorFeedback.h)
Linked: (/home/mech-user/KHS_ws/devel/.private/kxr_controller/include/kxr_controller/StretchGoal.h, /home/mech-user/KHS_ws/devel/include/kxr_controller/StretchGoal.h)
Linked: (/home/mech-user/KHS_ws/devel/.private/kxr_controller/include/kxr_controller/ServoState.h, /home/mech-user/KHS_ws/devel/include/kxr_controller/ServoState.h)
Linked: (/home/mech-user/KHS_ws/devel/.private/kxr_controller/include/kxr_controller/ServoOnOffAction.h, /home/mech-user/KHS_ws/devel/include/kxr_controller/ServoOnOffAction.h)
Linked: (/home/mech-user/KHS_ws/devel/.private/kxr_controller/include/kxr_controller/PressureControlFeedback.h, /home/mech-user/KHS_ws/devel/include/kxr_controller/PressureControlFeedback.h)
Linked: (/home/mech-user/KHS_ws/devel/.private/kxr_controller/include/kxr_controller/PressureControlActionResult.h, /home/mech-user/KHS_ws/devel/include/kxr_controller/PressureControlActionResult.h)
Linked: (/home/mech-user/KHS_ws/devel/.private/kxr_controller/include/kxr_controller/ServoOnOffActionFeedback.h, /home/mech-user/KHS_ws/devel/include/kxr_controller/ServoOnOffActionFeedback.h)
Linked: (/home/mech-user/KHS_ws/devel/.private/kxr_controller/include/kxr_controller/StretchActionGoal.h, /home/mech-user/KHS_ws/devel/include/kxr_controller/StretchActionGoal.h)
Linked: (/home/mech-user/KHS_ws/devel/.private/kxr_controller/include/kxr_controller/ServoOnOffActionResult.h, /home/mech-user/KHS_ws/devel/include/kxr_controller/ServoOnOffActionResult.h)
Linked: (/home/mech-user/KHS_ws/devel/.private/kxr_controller/include/kxr_controller/AdjustAngleVectorActionFeedback.h, /home/mech-user/KHS_ws/devel/include/kxr_controller/AdjustAngleVectorActionFeedback.h)
Linked: (/home/mech-user/KHS_ws/devel/.private/kxr_controller/include/kxr_controller/ServoStateArray.h, /home/mech-user/KHS_ws/devel/include/kxr_controller/ServoStateArray.h)
Linked: (/home/mech-user/KHS_ws/devel/.private/kxr_controller/include/kxr_controller/PressureControlActionFeedback.h, /home/mech-user/KHS_ws/devel/include/kxr_controller/PressureControlActionFeedback.h)
Linked: (/home/mech-user/KHS_ws/devel/.private/kxr_controller/include/kxr_controller/AdjustAngleVectorAction.h, /home/mech-user/KHS_ws/devel/include/kxr_controller/AdjustAngleVectorAction.h)
Linked: (/home/mech-user/KHS_ws/devel/.private/kxr_controller/include/kxr_controller/ServoOnOffGoal.h, /home/mech-user/KHS_ws/devel/include/kxr_controller/ServoOnOffGoal.h)
Linked: (/home/mech-user/KHS_ws/devel/.private/kxr_controller/include/kxr_controller/ServoOnOff.h, /home/mech-user/KHS_ws/devel/include/kxr_controller/ServoOnOff.h)
Linked: (/home/mech-user/KHS_ws/devel/.private/kxr_controller/include/kxr_controller/ServoOnOffResult.h, /home/mech-user/KHS_ws/devel/include/kxr_controller/ServoOnOffResult.h)
Linked: (/home/mech-user/KHS_ws/devel/.private/kxr_controller/include/kxr_controller/PressureControlGoal.h, /home/mech-user/KHS_ws/devel/include/kxr_controller/PressureControlGoal.h)
