Not searching for unused variables given on the command line.
[36m--[0m The C compiler identification is GNU 9.4.0
[36m--[0m The CXX compiler identification is GNU 9.4.0
[36m--[0m Check for working C compiler: /usr/bin/cc
[36m--[0m Check for working C compiler: /usr/bin/cc -- works
[36m--[0m Detecting C compiler ABI info
[36m--[0m Detecting C compiler ABI info - done
[36m--[0m Detecting C compile features
[36m--[0m Detecting C compile features - done
[36m--[0m Check for working CXX compiler: /usr/bin/c++
[36m--[0m Check for working CXX compiler: /usr/bin/c++ -- works
[36m--[0m Detecting CXX compiler ABI info
[36m--[0m Detecting CXX compiler ABI info - done
[36m--[0m Detecting CXX compile features
[36m--[0m Detecting CXX compile features - done
[36m--[0m CMAKE_SYSTEM_PROCESSOR: x86_64
[36m--[0m RCB4 Directory: /home/mech-user/KHS_ws/src/rcb4
[36m--[0m Using CATKIN_DEVEL_PREFIX: /home/mech-user/KHS_ws/devel/.private/kxr_controller
[36m--[0m Using CMAKE_PREFIX_PATH: /home/mech-user/KHS_ws/devel;/opt/ros/noetic
[36m--[0m This workspace overlays: /home/mech-user/KHS_ws/devel;/opt/ros/noetic
[36m--[0m Found PythonInterp: /usr/bin/python3 (found suitable version "3.8.10", minimum required is "3")
[36m--[0m Using PYTHON_EXECUTABLE: /usr/bin/python3
[36m--[0m Using Debian Python package layout
[36m--[0m Found PY_em: /usr/lib/python3/dist-packages/em.py
[36m--[0m Using empy: /usr/lib/python3/dist-packages/em.py
[36m--[0m Using CATKIN_ENABLE_TESTING: ON
[36m--[0m Call enable_testing()
[36m--[0m Using CATKIN_TEST_RESULTS_DIR: /home/mech-user/KHS_ws/build/kxr_controller/test_results
[36m--[0m Forcing gtest/gmock from source, though one was otherwise available.
[36m--[0m Found gtest sources under '/usr/src/googletest': gtests will be built
[36m--[0m Found gmock sources under '/usr/src/googletest': gmock will be built
[36m--[0m Found PythonInterp: /usr/bin/python3 (found version "3.8.10")
[36m--[0m Found Threads: TRUE
[36m--[0m Using Python nosetests: /usr/bin/nosetests3
[36m--[0m catkin 0.8.10
[36m--[0m BUILD_SHARED_LIBS is on
[36m--[0m Using these message generators: gencpp;geneus;genlisp;gennodejs;genpy
[36m--[0m Not using catkin_virtualenv as USE_VIRTUALENV is OFF.
[36m--[0m Found PkgConfig: /usr/bin/pkg-config (found version "0.29.1")
[36m--[0m Checking for module 'eigen3'
[36m--[0m   Found eigen3, version 3.3.7
[33m[1mCMake Warning[0m at /opt/ros/noetic/share/cmake_modules/cmake/Modules/FindEigen.cmake:62 (message):
  The FindEigen.cmake Module in the cmake_modules package is deprecated.

  Please use the FindEigen3.cmake Module provided with Eigen.  Change
  instances of find_package(Eigen) to find_package(Eigen3).  Check the
  FindEigen3.cmake Module for the resulting CMake variable names.

[36mCall Stack (most recent call first):[0m
  CMakeLists.txt:46 (find_package)


[36m--[0m Found Eigen: /usr/include/eigen3
[36m--[0m Eigen found (include: /usr/include/eigen3)
[36m--[0m Generating .msg files for action kxr_controller/ServoOnOff /home/mech-user/KHS_ws/src/rcb4/ros/kxr_controller/action/ServoOnOff.action
Generating for action ServoOnOff
[36m--[0m Generating .msg files for action kxr_controller/AdjustAngleVector /home/mech-user/KHS_ws/src/rcb4/ros/kxr_controller/action/AdjustAngleVector.action
Generating for action AdjustAngleVector
[36m--[0m Generating .msg files for action kxr_controller/Stretch /home/mech-user/KHS_ws/src/rcb4/ros/kxr_controller/action/Stretch.action
Generating for action Stretch
[36m--[0m Generating .msg files for action kxr_controller/PressureControl /home/mech-user/KHS_ws/src/rcb4/ros/kxr_controller/action/PressureControl.action
Generating for action PressureControl
[36m--[0m kxr_controller: 33 messages, 0 services
[36m--[0m Installing devel-space wrapper /home/mech-user/KHS_ws/src/rcb4/ros/kxr_controller/node_scripts/rcb4_ros_bridge.py to /home/mech-user/KHS_ws/devel/.private/kxr_controller/lib/kxr_controller
[36m--[0m Installing devel-space wrapper /home/mech-user/KHS_ws/src/rcb4/ros/kxr_controller/scripts/interface.py to /home/mech-user/KHS_ws/devel/.private/kxr_controller/lib/kxr_controller
[36m--[0m Installing devel-space wrapper /home/mech-user/KHS_ws/src/rcb4/ros/kxr_controller/test/kxr_controller.test to /home/mech-user/KHS_ws/devel/.private/kxr_controller/lib/kxr_controller
[36m--[0m Installing devel-space wrapper /home/mech-user/KHS_ws/src/rcb4/ros/kxr_controller/test/test_kxr_controller.py to /home/mech-user/KHS_ws/devel/.private/kxr_controller/lib/kxr_controller
CMake Warning (dev) at /opt/ros/noetic/share/catkin/cmake/test/tests.cmake:163 (add_custom_target):
  Policy CMP0037 is not set: Target names should not be reserved and should
  match a validity pattern.  Run "cmake --help-policy CMP0037" for policy
  details.  Use the cmake_policy command to set the policy and suppress this
  warning.

  The target name
  "run_tests_kxr_controller_rostest_kxr_controller__namespace_"".test" is
  reserved or not valid for certain CMake features, such as generator
  expressions, and may result in undefined behavior.
[36mCall Stack (most recent call first):[0m
  /opt/ros/noetic/share/rostest/cmake/rostest-extras.cmake:52 (catkin_run_tests_target)
  CMakeLists.txt:115 (add_rostest)
This warning is for project developers.  Use -Wno-dev to suppress it.

CMake Warning (dev) at /opt/ros/noetic/share/catkin/cmake/test/tests.cmake:177 (add_custom_target):
  Policy CMP0037 is not set: Target names should not be reserved and should
  match a validity pattern.  Run "cmake --help-policy CMP0037" for policy
  details.  Use the cmake_policy command to set the policy and suppress this
  warning.

  The target name
  "_run_tests_kxr_controller_rostest_kxr_controller__namespace_"".test" is
  reserved or not valid for certain CMake features, such as generator
  expressions, and may result in undefined behavior.
[36mCall Stack (most recent call first):[0m
  /opt/ros/noetic/share/rostest/cmake/rostest-extras.cmake:52 (catkin_run_tests_target)
  CMakeLists.txt:115 (add_rostest)
This warning is for project developers.  Use -Wno-dev to suppress it.

CMake Warning (dev) at /opt/ros/noetic/share/catkin/cmake/test/tests.cmake:163 (add_custom_target):
  Policy CMP0037 is not set: Target names should not be reserved and should
  match a validity pattern.  Run "cmake --help-policy CMP0037" for policy
  details.  Use the cmake_policy command to set the policy and suppress this
  warning.

  The target name
  "run_tests_kxr_controller_rostest_kxr_controller__namespace_"robot_a".test"
  is reserved or not valid for certain CMake features, such as generator
  expressions, and may result in undefined behavior.
[36mCall Stack (most recent call first):[0m
  /opt/ros/noetic/share/rostest/cmake/rostest-extras.cmake:52 (catkin_run_tests_target)
  CMakeLists.txt:116 (add_rostest)
This warning is for project developers.  Use -Wno-dev to suppress it.

CMake Warning (dev) at /opt/ros/noetic/share/catkin/cmake/test/tests.cmake:177 (add_custom_target):
  Policy CMP0037 is not set: Target names should not be reserved and should
  match a validity pattern.  Run "cmake --help-policy CMP0037" for policy
  details.  Use the cmake_policy command to set the policy and suppress this
  warning.

  The target name
  "_run_tests_kxr_controller_rostest_kxr_controller__namespace_"robot_a".test"
  is reserved or not valid for certain CMake features, such as generator
  expressions, and may result in undefined behavior.
[36mCall Stack (most recent call first):[0m
  /opt/ros/noetic/share/rostest/cmake/rostest-extras.cmake:52 (catkin_run_tests_target)
  CMakeLists.txt:116 (add_rostest)
This warning is for project developers.  Use -Wno-dev to suppress it.

CMake Warning (dev) at /opt/ros/noetic/share/catkin/cmake/test/tests.cmake:163 (add_custom_target):
  Policy CMP0037 is not set: Target names should not be reserved and should
  match a validity pattern.  Run "cmake --help-policy CMP0037" for policy
  details.  Use the cmake_policy command to set the policy and suppress this
  warning.

  The target name
  "run_tests_kxr_controller_rostest_kxr_controller__namespace_""__use_rcb4_true__frame_count_5.test"
  is reserved or not valid for certain CMake features, such as generator
  expressions, and may result in undefined behavior.
[36mCall Stack (most recent call first):[0m
  /opt/ros/noetic/share/rostest/cmake/rostest-extras.cmake:52 (catkin_run_tests_target)
  CMakeLists.txt:117 (add_rostest)
This warning is for project developers.  Use -Wno-dev to suppress it.

CMake Warning (dev) at /opt/ros/noetic/share/catkin/cmake/test/tests.cmake:177 (add_custom_target):
  Policy CMP0037 is not set: Target names should not be reserved and should
  match a validity pattern.  Run "cmake --help-policy CMP0037" for policy
  details.  Use the cmake_policy command to set the policy and suppress this
  warning.

  The target name
  "_run_tests_kxr_controller_rostest_kxr_controller__namespace_""__use_rcb4_true__frame_count_5.test"
  is reserved or not valid for certain CMake features, such as generator
  expressions, and may result in undefined behavior.
[36mCall Stack (most recent call first):[0m
  /opt/ros/noetic/share/rostest/cmake/rostest-extras.cmake:52 (catkin_run_tests_target)
  CMakeLists.txt:117 (add_rostest)
This warning is for project developers.  Use -Wno-dev to suppress it.

CMake Warning (dev) at /opt/ros/noetic/share/catkin/cmake/test/tests.cmake:163 (add_custom_target):
  Policy CMP0037 is not set: Target names should not be reserved and should
  match a validity pattern.  Run "cmake --help-policy CMP0037" for policy
  details.  Use the cmake_policy command to set the policy and suppress this
  warning.

  The target name
  "run_tests_kxr_controller_rostest_kxr_controller__namespace_"robot_a"__use_rcb4_true__frame_count_5.test"
  is reserved or not valid for certain CMake features, such as generator
  expressions, and may result in undefined behavior.
[36mCall Stack (most recent call first):[0m
  /opt/ros/noetic/share/rostest/cmake/rostest-extras.cmake:52 (catkin_run_tests_target)
  CMakeLists.txt:118 (add_rostest)
This warning is for project developers.  Use -Wno-dev to suppress it.

CMake Warning (dev) at /opt/ros/noetic/share/catkin/cmake/test/tests.cmake:177 (add_custom_target):
  Policy CMP0037 is not set: Target names should not be reserved and should
  match a validity pattern.  Run "cmake --help-policy CMP0037" for policy
  details.  Use the cmake_policy command to set the policy and suppress this
  warning.

  The target name
  "_run_tests_kxr_controller_rostest_kxr_controller__namespace_"robot_a"__use_rcb4_true__frame_count_5.test"
  is reserved or not valid for certain CMake features, such as generator
  expressions, and may result in undefined behavior.
[36mCall Stack (most recent call first):[0m
  /opt/ros/noetic/share/rostest/cmake/rostest-extras.cmake:52 (catkin_run_tests_target)
  CMakeLists.txt:118 (add_rostest)
This warning is for project developers.  Use -Wno-dev to suppress it.

[36m--[0m Configuring done
[36m--[0m Generating done
[36m--[0m Build files have been written to: /home/mech-user/KHS_ws/build/kxr_controller
